<?xml version="1.0" encoding="UTF-8"?>
<!-- Generated by org.testng.reporters.JUnitReportReporter -->
<testsuite hostname="DESKTOP-MNCSD79" failures="0" tests="1" name="testCases.TC004_SearchTest" time="6.484" errors="0" timestamp="2024-10-22T17:15:31 IST" skipped="0">
  <testcase classname="testCases.TC004_SearchTest" name="verify_SearchProduct" time="6.484"/>
</testsuite> <!-- testCases.TC004_SearchTest -->
