<?xml version="1.0" encoding="UTF-8"?>
<!-- Generated by org.testng.reporters.JUnitReportReporter -->
<testsuite hostname="DESKTOP-MNCSD79" failures="0" tests="1" name="testCases.TC002_LoginTest" time="4.441" errors="0" timestamp="2024-10-21T13:58:04 IST" skipped="0">
  <testcase classname="testCases.TC002_LoginTest" name="verify_TestLogin" time="4.441"/>
</testsuite> <!-- testCases.TC002_LoginTest -->
